<?xml version="1.0" encoding="UTF-8"?>
<!-- Generated by org.testng.reporters.JUnitReportReporter -->
<testsuite hostname="Abhi" failures="0" tests="1" name="Caw_Studios_Assignment.DynamicTableTest" time="10.420" errors="0" timestamp="2023-12-13T17:25:22 IST" skipped="0">
  <testcase classname="Caw_Studios_Assignment.DynamicTableTest" name="Dynamic_Table_Test" time="10.420"/>
  <system-out/>
</testsuite> <!-- Caw_Studios_Assignment.DynamicTableTest -->
