<?xml version="1.0" encoding="UTF-8"?>
<!-- Generated by org.testng.reporters.JUnitReportReporter -->
<testsuite hostname="Abhi" failures="0" tests="1" name="Caw_Studios_Assignment.DynamicTableTest2" time="13.199" errors="0" timestamp="2023-12-13T17:22:06 IST" skipped="0">
  <testcase classname="Caw_Studios_Assignment.DynamicTableTest2" name="Dynamic_Table_Test" time="13.199"/>
  <system-out/>
</testsuite> <!-- Caw_Studios_Assignment.DynamicTableTest2 -->
