<?xml version="1.0" encoding="UTF-8"?>
<!-- Generated by org.testng.reporters.JUnitReportReporter -->
<testsuite hostname="Abhi" failures="0" tests="1" name="Caw_Studios_Assignment.DynamicTableTest_with_json" time="11.530" errors="0" timestamp="2023-12-13T17:50:18 IST" skipped="0">
  <testcase classname="Caw_Studios_Assignment.DynamicTableTest_with_json" name="Dynamic_Table_Test" time="11.530"/>
  <system-out/>
</testsuite> <!-- Caw_Studios_Assignment.DynamicTableTest_with_json -->
